Arguments: 
  C:\Program Files\nodejs\node.exe C:\Program Files (x86)\Yarn\bin\yarn.js

PATH: 
  F:\Full Stack Node App\complete-node-bootcamp-master\4-natours\starter\node_modules\.bin;C:\Program Files (x86)\Common Files\Oracle\Java\javapath;C:\Program Files (x86)\Common Files\Intel\Shared Libraries\redist\intel64\compiler;C:\Program Files (x86)\Intel\Intel(R) Management Engine Components\iCLS\;C:\Program Files\Intel\Intel(R) Management Engine Components\iCLS\;C:\windows\system32;C:\windows;C:\windows\System32\Wbem;C:\windows\System32\WindowsPowerShell\v1.0\;C:\Program Files (x86)\Intel\Intel(R) Management Engine Components\DAL;C:\Program Files\Intel\Intel(R) Management Engine Components\DAL;C:\Program Files (x86)\Intel\Intel(R) Management Engine Components\IPT;C:\Program Files\Intel\Intel(R) Management Engine Components\IPT;C:\Program Files (x86)\NVIDIA Corporation\PhysX\Common;C:\WINDOWS\system32;C:\WINDOWS;C:\WINDOWS\System32\Wbem;C:\WINDOWS\System32\WindowsPowerShell\v1.0\;C:\WINDOWS\System32\OpenSSH\;C:\Program Files\Git\cmd;C:\cygwin64\bin;C:\MinGW\bin;C:\Program Files\Intel\WiFi\bin\;C:\Program Files\Common Files\Intel\WirelessCommon\;C:\Program Files (x86)\digieffects\bin;C:\Program Files\dotnet\;C:\Program Files\Microsoft SQL Server\130\Tools\Binn\;D:\Matlab Files\bin;C:\Program Files (x86)\Java\jre1.8.0_241\bin;C:\Program Files\Java\jdk-13.0.2\bin;C:\Program Files\MongoDB\Server\4.2\bin;C:\Program Files (x86)\Yarn\bin\;C:\Program Files\NVIDIA Corporation\NVIDIA NvDLISR;C:\Program Files\Docker\Docker\resources\bin;C:\ProgramData\DockerDesktop\version-bin;C:\Program Files\nodejs\;C:\Users\Puranjay Yadav\AppData\Local\Programs\Python\Python38-32\Scripts\;C:\Users\Puranjay Yadav\AppData\Local\Programs\Python\Python38-32\;C:\Users\Puranjay Yadav\AppData\Local\Microsoft\WindowsApps;C:\Users\Puranjay Yadav\AppData\Local\Programs\Microsoft VS Code\bin;C:\Users\Puranjay Yadav\AppData\Local\atom\bin;C:\Users\Puranjay Yadav\Downloads\flutter\bin;;C:\Program Files\Microsoft VS Code\bin;C:\Users\Puranjay Yadav\AppData\Local\Microsoft\WindowsApps;C:\Users\Puranjay Yadav\AppData\Local\Yarn\bin;C:\Users\Puranjay Yadav\AppData\Roaming\npm

Yarn version: 
  1.22.4

Node version: 
  10.20.1

Platform: 
  win32 x64

Trace: 
  Error: F:\Full Stack Node App\complete-node-bootcamp-master\4-natours\starter\node_modules\nodemailer: EINVAL: invalid argument, mkdir 'C:\Users\Puranjay Yadav\AppData\Local\Temp;C:\MinGW\bin \yarn--1590057691384-0.03817281192349031'

npm manifest: 
  {
    "name": "natours",
    "version": "1.0.0",
    "description": "learining express and mongo db",
    "main": "app.js",
    "scripts": {
      "start": "nodemon server.js",
      "start:prod": "set NODE_ENV=production&& nodemon server.js",
      "debug": "ndb server.js",
      "watch:js": "parcel watch ./public/js/index.js --out-dir ./public/js --out-file bundle.js",
      "build:js": "parcel watch ./public/js/index.js --out-dir ./public/js --out-file bundle.js"
    },
    "author": "Puranjay Yadav",
    "license": "ISC",
    "dependencies": {
      "@babel/polyfill": "^7.8.7",
      "axios": "^0.19.2",
      "bcryptjs": "^2.4.3",
      "cookie-parser": "^1.4.5",
      "dotenv": "^8.2.0",
      "express": "^4.17.1",
      "express-mongo-sanitize": "^2.0.0",
      "express-rate-limit": "^5.1.3",
      "helmet": "^3.22.0",
      "hpp": "^0.2.3",
      "jsonwebtoken": "^8.5.1",
      "mongoose": "^5.9.15",
      "morgan": "^1.10.0",
      "multer": "^1.4.2",
      "nodemailer": "^6.4.6",
      "pug": "^2.0.4",
      "puppeteer": "^3.1.0",
      "slugify": "^1.4.0",
      "validator": "^13.0.0",
      "xss-clean": "^0.1.1"
    },
    "devDependencies": {
      "airbnb": "0.0.2",
      "eslint": "^7.0.0",
      "eslint-config": "^0.3.0",
      "eslint-config-prettier": "^6.11.0",
      "eslint-plugin-import": "^2.20.2",
      "eslint-plugin-jsx-a11y": "^6.2.3",
      "eslint-plugin-node": "^11.1.0",
      "eslint-plugin-prettier": "^3.1.3",
      "eslint-plugin-react": "^7.20.0",
      "parcel-bundler": "^1.12.4",
      "prettier": "2.0.5"
    },
    "engines": {
      "node": ">=10.0.0"
    }
  }

yarn manifest: 
  No manifest

Lockfile: 
  No lockfile
